<?xml version="1.0" encoding="UTF-8"?>
<robot generator="Robot 4.0 (Python 3.9.4 on win32)" generated="20210407 11:15:07.114" rpa="false" schemaversion="2">
<suite id="s1" name="MeuTeste" source="C:\dev\study\qa\RobotFramework\MeuTeste.robot">
<test id="s1-t1" name="Caso numero 01">
<kw name="Meu primeiro Keyword" library="MeuResource">
<kw name="Log To Console" library="BuiltIn">
<arg>${\n}Heloow Robot!!!</arg>
<doc>Logs the given message to the console.</doc>
<status status="PASS" starttime="20210407 11:15:07.152" endtime="20210407 11:15:07.153"/>
</kw>
<status status="PASS" starttime="20210407 11:15:07.152" endtime="20210407 11:15:07.153"/>
</kw>
<status status="PASS" starttime="20210407 11:15:07.151" endtime="20210407 11:15:07.154"/>
</test>
<status status="PASS" starttime="20210407 11:15:07.117" endtime="20210407 11:15:07.155"/>
</suite>
<statistics>
<total>
<stat pass="1" fail="0" skip="0">All Tests</stat>
</total>
<tag>
</tag>
<suite>
<stat pass="1" fail="0" skip="0" id="s1" name="MeuTeste">MeuTeste</stat>
</suite>
</statistics>
<errors>
</errors>
</robot>
