<?xml version="1.0" encoding="UTF-8"?>
<robot generator="Robot 4.0 (Python 3.9.4 on win32)" generated="20210406 21:01:35.536" rpa="false" schemaversion="2">
<suite id="s1" name="MeuTeste" source="C:\dev\study\qa\RobotFramework\MeuTeste.robot">
<test id="s1-t1" name="Caso numero 01">
<kw name="Meu primeiro Keyword" library="MeuResource">
<kw name="Log To Console" library="BuiltIn">
<arg>${\n}Heloow Robot!!!</arg>
<doc>Logs the given message to the console.</doc>
<status status="PASS" starttime="20210406 21:01:35.571" endtime="20210406 21:01:35.571"/>
</kw>
<status status="PASS" starttime="20210406 21:01:35.570" endtime="20210406 21:01:35.571"/>
</kw>
<status status="PASS" starttime="20210406 21:01:35.570" endtime="20210406 21:01:35.572"/>
</test>
<status status="PASS" starttime="20210406 21:01:35.538" endtime="20210406 21:01:35.573"/>
</suite>
<statistics>
<total>
<stat pass="1" fail="0" skip="0">All Tests</stat>
</total>
<tag>
</tag>
<suite>
<stat pass="1" fail="0" skip="0" id="s1" name="MeuTeste">MeuTeste</stat>
</suite>
</statistics>
<errors>
</errors>
</robot>
